{"/Users/ArturoSchmidt/Desktop/websites/siteDraper/onSiteDrpaery/index.js": {"path":"/Users/ArturoSchmidt/Desktop/websites/siteDraper/onSiteDrpaery/index.js","statementMap":{"0":{"start":{"line":1,"column":17},"end":{"line":1,"column":35}},"1":{"start":{"line":2,"column":17},"end":{"line":2,"column":30}},"2":{"start":{"line":3,"column":17},"end":{"line":3,"column":26}},"3":{"start":{"line":4,"column":17},"end":{"line":4,"column":34}},"4":{"start":{"line":5,"column":9},"end":{"line":5,"column":21}},"5":{"start":{"line":7,"column":22},"end":{"line":7,"column":37}},"6":{"start":{"line":8,"column":22},"end":{"line":8,"column":56}},"7":{"start":{"line":9,"column":22},"end":{"line":9,"column":53}},"8":{"start":{"line":10,"column":22},"end":{"line":10,"column":45}},"9":{"start":{"line":11,"column":22},"end":{"line":11,"column":48}},"10":{"start":{"line":12,"column":22},"end":{"line":12,"column":41}},"11":{"start":{"line":13,"column":22},"end":{"line":13,"column":47}},"12":{"start":{"line":14,"column":22},"end":{"line":14,"column":37}},"13":{"start":{"line":16,"column":0},"end":{"line":20,"column":2}},"14":{"start":{"line":17,"column":2},"end":{"line":17,"column":48}},"15":{"start":{"line":18,"column":2},"end":{"line":18,"column":76}},"16":{"start":{"line":19,"column":2},"end":{"line":19,"column":8}},"17":{"start":{"line":22,"column":0},"end":{"line":26,"column":4}},"18":{"start":{"line":29,"column":0},"end":{"line":29,"column":31}},"19":{"start":{"line":30,"column":0},"end":{"line":30,"column":28}},"20":{"start":{"line":32,"column":11},"end":{"line":46,"column":1}},"21":{"start":{"line":39,"column":16},"end":{"line":41,"column":31}},"22":{"start":{"line":43,"column":8},"end":{"line":43,"column":22}},"23":{"start":{"line":44,"column":8},"end":{"line":44,"column":16}},"24":{"start":{"line":54,"column":32},"end":{"line":54,"column":84}},"25":{"start":{"line":56,"column":0},"end":{"line":59,"column":73}},"26":{"start":{"line":58,"column":12},"end":{"line":58,"column":50}},"27":{"start":{"line":59,"column":14},"end":{"line":59,"column":72}},"28":{"start":{"line":64,"column":0},"end":{"line":64,"column":28}},"29":{"start":{"line":65,"column":0},"end":{"line":65,"column":29}},"30":{"start":{"line":66,"column":0},"end":{"line":66,"column":40}},"31":{"start":{"line":76,"column":0},"end":{"line":76,"column":21}}},"fnMap":{"0":{"name":"(anonymous_0)","decl":{"start":{"line":16,"column":8},"end":{"line":16,"column":9}},"loc":{"start":{"line":16,"column":30},"end":{"line":20,"column":1}},"line":16},"1":{"name":"(anonymous_1)","decl":{"start":{"line":38,"column":11},"end":{"line":38,"column":12}},"loc":{"start":{"line":38,"column":23},"end":{"line":45,"column":7}},"line":38},"2":{"name":"(anonymous_2)","decl":{"start":{"line":58,"column":6},"end":{"line":58,"column":7}},"loc":{"start":{"line":58,"column":12},"end":{"line":58,"column":50}},"line":58},"3":{"name":"(anonymous_3)","decl":{"start":{"line":59,"column":7},"end":{"line":59,"column":8}},"loc":{"start":{"line":59,"column":14},"end":{"line":59,"column":72}},"line":59}},"branchMap":{},"s":{"0":1,"1":1,"2":1,"3":1,"4":1,"5":1,"6":1,"7":1,"8":1,"9":1,"10":1,"11":1,"12":1,"13":1,"14":8,"15":8,"16":8,"17":1,"18":1,"19":1,"20":1,"21":1,"22":1,"23":1,"24":1,"25":1,"26":1,"27":0,"28":1,"29":1,"30":1,"31":1},"f":{"0":8,"1":1,"2":1,"3":0},"b":{},"_coverageSchema":"43e27e138ebf9cfc5966b082cf9a028302ed4184","hash":"9b0b8d435a33fb311cffb2261e08317141d1def8"}
,"/Users/ArturoSchmidt/Desktop/websites/siteDraper/onSiteDrpaery/config/google.js": {"path":"/Users/ArturoSchmidt/Desktop/websites/siteDraper/onSiteDrpaery/config/google.js","statementMap":{"0":{"start":{"line":2,"column":17},"end":{"line":2,"column":36}},"1":{"start":{"line":3,"column":21},"end":{"line":3,"column":68}},"2":{"start":{"line":6,"column":0},"end":{"line":10,"column":3}},"3":{"start":{"line":7,"column":2},"end":{"line":7,"column":42}},"4":{"start":{"line":8,"column":2},"end":{"line":8,"column":19}},"5":{"start":{"line":9,"column":2},"end":{"line":9,"column":28}},"6":{"start":{"line":12,"column":0},"end":{"line":28,"column":3}},"7":{"start":{"line":13,"column":24},"end":{"line":13,"column":71}},"8":{"start":{"line":15,"column":2},"end":{"line":15,"column":35}},"9":{"start":{"line":16,"column":2},"end":{"line":16,"column":21}},"10":{"start":{"line":17,"column":2},"end":{"line":27,"column":4}},"11":{"start":{"line":18,"column":4},"end":{"line":26,"column":5}},"12":{"start":{"line":19,"column":6},"end":{"line":19,"column":45}},"13":{"start":{"line":20,"column":6},"end":{"line":20,"column":24}},"14":{"start":{"line":22,"column":6},"end":{"line":22,"column":48}},"15":{"start":{"line":23,"column":6},"end":{"line":23,"column":35}},"16":{"start":{"line":24,"column":6},"end":{"line":24,"column":35}},"17":{"start":{"line":30,"column":0},"end":{"line":71,"column":3}},"18":{"start":{"line":36,"column":4},"end":{"line":36,"column":30}},"19":{"start":{"line":37,"column":19},"end":{"line":37,"column":40}},"20":{"start":{"line":38,"column":20},"end":{"line":38,"column":42}},"21":{"start":{"line":39,"column":19},"end":{"line":39,"column":42}},"22":{"start":{"line":41,"column":29},"end":{"line":41,"column":39}},"23":{"start":{"line":42,"column":24},"end":{"line":42,"column":55}},"24":{"start":{"line":44,"column":26},"end":{"line":44,"column":73}},"25":{"start":{"line":45,"column":30},"end":{"line":45,"column":107}},"26":{"start":{"line":47,"column":4},"end":{"line":69,"column":6}},"27":{"start":{"line":48,"column":6},"end":{"line":68,"column":7}},"28":{"start":{"line":49,"column":8},"end":{"line":49,"column":56}},"29":{"start":{"line":50,"column":8},"end":{"line":50,"column":52}},"30":{"start":{"line":52,"column":8},"end":{"line":67,"column":9}},"31":{"start":{"line":53,"column":10},"end":{"line":62,"column":12}},"32":{"start":{"line":54,"column":12},"end":{"line":61,"column":13}},"33":{"start":{"line":55,"column":14},"end":{"line":55,"column":53}},"34":{"start":{"line":56,"column":14},"end":{"line":56,"column":83}},"35":{"start":{"line":58,"column":14},"end":{"line":58,"column":60}},"36":{"start":{"line":59,"column":14},"end":{"line":59,"column":43}},"37":{"start":{"line":60,"column":14},"end":{"line":60,"column":42}},"38":{"start":{"line":64,"column":10},"end":{"line":64,"column":59}},"39":{"start":{"line":66,"column":9},"end":{"line":66,"column":37}}},"fnMap":{"0":{"name":"(anonymous_0)","decl":{"start":{"line":6,"column":23},"end":{"line":6,"column":24}},"loc":{"start":{"line":6,"column":44},"end":{"line":10,"column":1}},"line":6},"1":{"name":"(anonymous_1)","decl":{"start":{"line":12,"column":25},"end":{"line":12,"column":26}},"loc":{"start":{"line":12,"column":48},"end":{"line":28,"column":1}},"line":12},"2":{"name":"(anonymous_2)","decl":{"start":{"line":17,"column":51},"end":{"line":17,"column":52}},"loc":{"start":{"line":17,"column":70},"end":{"line":27,"column":3}},"line":17},"3":{"name":"(anonymous_3)","decl":{"start":{"line":35,"column":2},"end":{"line":35,"column":3}},"loc":{"start":{"line":35,"column":46},"end":{"line":70,"column":3}},"line":35},"4":{"name":"(anonymous_4)","decl":{"start":{"line":47,"column":63},"end":{"line":47,"column":64}},"loc":{"start":{"line":47,"column":83},"end":{"line":69,"column":5}},"line":47},"5":{"name":"(anonymous_5)","decl":{"start":{"line":53,"column":67},"end":{"line":53,"column":68}},"loc":{"start":{"line":53,"column":86},"end":{"line":62,"column":11}},"line":53}},"branchMap":{"0":{"loc":{"start":{"line":18,"column":4},"end":{"line":26,"column":5}},"type":"if","locations":[{"start":{"line":18,"column":4},"end":{"line":26,"column":5}},{"start":{"line":18,"column":4},"end":{"line":26,"column":5}}],"line":18},"1":{"loc":{"start":{"line":48,"column":6},"end":{"line":68,"column":7}},"type":"if","locations":[{"start":{"line":48,"column":6},"end":{"line":68,"column":7}},{"start":{"line":48,"column":6},"end":{"line":68,"column":7}}],"line":48},"2":{"loc":{"start":{"line":52,"column":8},"end":{"line":67,"column":9}},"type":"if","locations":[{"start":{"line":52,"column":8},"end":{"line":67,"column":9}},{"start":{"line":52,"column":8},"end":{"line":67,"column":9}}],"line":52},"3":{"loc":{"start":{"line":54,"column":12},"end":{"line":61,"column":13}},"type":"if","locations":[{"start":{"line":54,"column":12},"end":{"line":61,"column":13}},{"start":{"line":54,"column":12},"end":{"line":61,"column":13}}],"line":54}},"s":{"0":1,"1":1,"2":1,"3":0,"4":0,"5":0,"6":1,"7":0,"8":0,"9":0,"10":0,"11":0,"12":0,"13":0,"14":0,"15":0,"16":0,"17":1,"18":0,"19":0,"20":0,"21":0,"22":0,"23":0,"24":0,"25":0,"26":0,"27":0,"28":0,"29":0,"30":0,"31":0,"32":0,"33":0,"34":0,"35":0,"36":0,"37":0,"38":0,"39":0},"f":{"0":0,"1":0,"2":0,"3":0,"4":0,"5":0},"b":{"0":[0,0],"1":[0,0],"2":[0,0],"3":[0,0]},"_coverageSchema":"43e27e138ebf9cfc5966b082cf9a028302ed4184","hash":"06512609c636e28ed231646ff94632f5288eb642"}
,"/Users/ArturoSchmidt/Desktop/websites/siteDraper/onSiteDrpaery/routes/auth-routes.js": {"path":"/Users/ArturoSchmidt/Desktop/websites/siteDraper/onSiteDrpaery/routes/auth-routes.js","statementMap":{"0":{"start":{"line":3,"column":20},"end":{"line":3,"column":38}},"1":{"start":{"line":4,"column":20},"end":{"line":4,"column":29}},"2":{"start":{"line":5,"column":17},"end":{"line":5,"column":36}},"3":{"start":{"line":7,"column":0},"end":{"line":10,"column":2}},"4":{"start":{"line":8,"column":4},"end":{"line":8,"column":39}},"5":{"start":{"line":9,"column":4},"end":{"line":9,"column":22}},"6":{"start":{"line":12,"column":0},"end":{"line":14,"column":2}},"7":{"start":{"line":13,"column":4},"end":{"line":13,"column":42}},"8":{"start":{"line":16,"column":0},"end":{"line":16,"column":87}},"9":{"start":{"line":18,"column":0},"end":{"line":23,"column":3}},"10":{"start":{"line":20,"column":12},"end":{"line":20,"column":47}},"11":{"start":{"line":21,"column":12},"end":{"line":21,"column":35}},"12":{"start":{"line":25,"column":1},"end":{"line":28,"column":3}},"13":{"start":{"line":26,"column":5},"end":{"line":26,"column":17}},"14":{"start":{"line":27,"column":5},"end":{"line":27,"column":22}},"15":{"start":{"line":30,"column":0},"end":{"line":30,"column":21}}},"fnMap":{"0":{"name":"(anonymous_0)","decl":{"start":{"line":7,"column":27},"end":{"line":7,"column":28}},"loc":{"start":{"line":7,"column":44},"end":{"line":10,"column":1}},"line":7},"1":{"name":"(anonymous_1)","decl":{"start":{"line":12,"column":26},"end":{"line":12,"column":27}},"loc":{"start":{"line":12,"column":43},"end":{"line":14,"column":1}},"line":12},"2":{"name":"(anonymous_2)","decl":{"start":{"line":19,"column":8},"end":{"line":19,"column":9}},"loc":{"start":{"line":19,"column":25},"end":{"line":22,"column":9}},"line":19},"3":{"name":"(anonymous_3)","decl":{"start":{"line":25,"column":27},"end":{"line":25,"column":28}},"loc":{"start":{"line":25,"column":44},"end":{"line":28,"column":2}},"line":25}},"branchMap":{},"s":{"0":1,"1":1,"2":1,"3":1,"4":1,"5":1,"6":1,"7":1,"8":1,"9":1,"10":0,"11":0,"12":1,"13":0,"14":0,"15":1},"f":{"0":1,"1":1,"2":0,"3":0},"b":{},"_coverageSchema":"43e27e138ebf9cfc5966b082cf9a028302ed4184","hash":"89e9ffcdd4dca5a45f2543532afe53323d855820"}
,"/Users/ArturoSchmidt/Desktop/websites/siteDraper/onSiteDrpaery/routes/general-routes.js": {"path":"/Users/ArturoSchmidt/Desktop/websites/siteDraper/onSiteDrpaery/routes/general-routes.js","statementMap":{"0":{"start":{"line":1,"column":16},"end":{"line":1,"column":34}},"1":{"start":{"line":2,"column":12},"end":{"line":2,"column":21}},"2":{"start":{"line":37,"column":0},"end":{"line":60,"column":2}},"3":{"start":{"line":41,"column":4},"end":{"line":41,"column":39}},"4":{"start":{"line":42,"column":4},"end":{"line":42,"column":64}},"5":{"start":{"line":43,"column":4},"end":{"line":57,"column":6}},"6":{"start":{"line":44,"column":8},"end":{"line":56,"column":9}},"7":{"start":{"line":45,"column":12},"end":{"line":45,"column":58}},"8":{"start":{"line":47,"column":12},"end":{"line":55,"column":14}},"9":{"start":{"line":63,"column":0},"end":{"line":82,"column":3}},"10":{"start":{"line":65,"column":4},"end":{"line":65,"column":51}},"11":{"start":{"line":67,"column":4},"end":{"line":81,"column":6}},"12":{"start":{"line":68,"column":8},"end":{"line":80,"column":9}},"13":{"start":{"line":69,"column":12},"end":{"line":69,"column":57}},"14":{"start":{"line":71,"column":12},"end":{"line":71,"column":41}},"15":{"start":{"line":72,"column":12},"end":{"line":79,"column":14}},"16":{"start":{"line":84,"column":0},"end":{"line":86,"column":2}},"17":{"start":{"line":85,"column":4},"end":{"line":85,"column":33}},"18":{"start":{"line":88,"column":0},"end":{"line":88,"column":21}}},"fnMap":{"0":{"name":"(anonymous_0)","decl":{"start":{"line":37,"column":19},"end":{"line":37,"column":20}},"loc":{"start":{"line":37,"column":36},"end":{"line":60,"column":1}},"line":37},"1":{"name":"(anonymous_1)","decl":{"start":{"line":43,"column":54},"end":{"line":43,"column":55}},"loc":{"start":{"line":43,"column":72},"end":{"line":57,"column":5}},"line":43},"2":{"name":"(anonymous_2)","decl":{"start":{"line":63,"column":18},"end":{"line":63,"column":19}},"loc":{"start":{"line":63,"column":35},"end":{"line":82,"column":1}},"line":63},"3":{"name":"(anonymous_3)","decl":{"start":{"line":67,"column":50},"end":{"line":67,"column":51}},"loc":{"start":{"line":67,"column":70},"end":{"line":81,"column":5}},"line":67},"4":{"name":"(anonymous_4)","decl":{"start":{"line":84,"column":18},"end":{"line":84,"column":19}},"loc":{"start":{"line":84,"column":35},"end":{"line":86,"column":1}},"line":84}},"branchMap":{"0":{"loc":{"start":{"line":44,"column":8},"end":{"line":56,"column":9}},"type":"if","locations":[{"start":{"line":44,"column":8},"end":{"line":56,"column":9}},{"start":{"line":44,"column":8},"end":{"line":56,"column":9}}],"line":44},"1":{"loc":{"start":{"line":68,"column":8},"end":{"line":80,"column":9}},"type":"if","locations":[{"start":{"line":68,"column":8},"end":{"line":80,"column":9}},{"start":{"line":68,"column":8},"end":{"line":80,"column":9}}],"line":68}},"s":{"0":1,"1":1,"2":1,"3":2,"4":2,"5":2,"6":2,"7":0,"8":2,"9":1,"10":2,"11":2,"12":2,"13":0,"14":2,"15":2,"16":1,"17":0,"18":1},"f":{"0":2,"1":2,"2":2,"3":2,"4":0},"b":{"0":[0,2],"1":[0,2]},"_coverageSchema":"43e27e138ebf9cfc5966b082cf9a028302ed4184","hash":"ec9cbdd5b48f5a79aa16e9b8c1b103e2167e8704"}
}
